2023-08-06 02:51:34.139080 - Initialized conversion of CBT312
2023-08-06 02:51:35.498086 - Received SBGOLOB.CBT506.FILE312 from FILE312.XMI 
2023-08-06 02:51:35.500606 - Found $$$#DATE.txt (text/plain) in SBGOLOB.CBT506.FILE312, moved to FILE312/$$$#DATE
2023-08-06 02:51:35.501825 - Found $DOC.txt (text/plain) in SBGOLOB.CBT506.FILE312, moved to FILE312/$DOC
2023-08-06 02:51:35.502859 - Found @FILE312.txt (text/plain) in SBGOLOB.CBT506.FILE312, moved to FILE312/@FILE312
2023-08-06 02:51:35.503825 - Found ADDCOMMA.rexx (text/plain) in SBGOLOB.CBT506.FILE312, moved to FILE312/ADDCOMMA
2023-08-06 02:51:35.527222 - Found ALIGN.xmi (application/xmit) in SBGOLOB.CBT506.FILE312
2023-08-06 02:51:35.532529   - Received to CBT312/ALIGN.PDS
2023-08-06 02:51:35.533687 - Found ALLOCGDG.rexx (text/plain) in SBGOLOB.CBT506.FILE312, moved to FILE312/ALLOCGDG
2023-08-06 02:51:35.534599 - Found ALTLIBST.rexx (text/plain) in SBGOLOB.CBT506.FILE312, moved to FILE312/ALTLIBST
2023-08-06 02:51:35.563554 - Found BACKDIR.xmi (application/xmit) in SBGOLOB.CBT506.FILE312
2023-08-06 02:51:35.569730   - Received to CBT312/BACKDIR.PDS
2023-08-06 02:51:35.570748 - Found BISPFJCL.rexx (text/plain) in SBGOLOB.CBT506.FILE312, moved to FILE312/BISPFJCL
2023-08-06 02:51:35.587626 - Found BODY.xmi (application/xmit) in SBGOLOB.CBT506.FILE312
2023-08-06 02:51:35.591899   - Received to CBT312/BODY.PDS
2023-08-06 02:51:35.592909 - Found CAVXTR$.txt (text/plain) in SBGOLOB.CBT506.FILE312, moved to FILE312/CAVXTR$
2023-08-06 02:51:35.593897 - Found CAVXTR$$.txt (text/plain) in SBGOLOB.CBT506.FILE312, moved to FILE312/CAVXTR$$
2023-08-06 02:51:35.595770 - De-xmi-ed CAVXTR# to CBT312/docs/CAVXTR#.pdf
2023-08-06 02:51:35.597609 - De-xmi-ed CAVXTR@ to CBT312/docs/CAVXTR@.doc
2023-08-06 02:51:35.673035 - Found CAVXTRT.xmi (application/xmit) in SBGOLOB.CBT506.FILE312
2023-08-06 02:51:35.686954   - Received to CBT312/CAVXTRT.PDS
2023-08-06 02:51:35.687907 - Found CHGSTR.rexx (text/plain) in SBGOLOB.CBT506.FILE312, moved to FILE312/CHGSTR
2023-08-06 02:51:35.713611 - Found CHKIKJ.xmi (application/xmit) in SBGOLOB.CBT506.FILE312
2023-08-06 02:51:35.718168   - Received to CBT312/CHKIKJ.PDS
2023-08-06 02:51:35.719182 - Found CHKLPALK.rexx (text/plain) in SBGOLOB.CBT506.FILE312, moved to FILE312/CHKLPALK
2023-08-06 02:51:35.720057 - Found CHKPDSE.rexx (text/plain) in SBGOLOB.CBT506.FILE312, moved to FILE312/CHKPDSE
2023-08-06 02:51:35.735801 - Found CLONE.xmi (application/xmit) in SBGOLOB.CBT506.FILE312
2023-08-06 02:51:35.739174   - Received to CBT312/LIONEL.EXECFB
2023-08-06 02:51:35.740197 - Found CMDS.txt (text/plain) in SBGOLOB.CBT506.FILE312, moved to FILE312/CMDS
2023-08-06 02:51:35.741173 - Found CMDSRPT.rexx (text/plain) in SBGOLOB.CBT506.FILE312, moved to FILE312/CMDSRPT
2023-08-06 02:51:35.742121 - Found CMDSRPTO.rexx (text/plain) in SBGOLOB.CBT506.FILE312, moved to FILE312/CMDSRPTO
2023-08-06 02:51:35.743163 - Found CMT.rexx (text/plain) in SBGOLOB.CBT506.FILE312, moved to FILE312/CMT
2023-08-06 02:51:35.744068 - Found COMPVTC$.txt (text/plain) in SBGOLOB.CBT506.FILE312, moved to FILE312/COMPVTC$
2023-08-06 02:51:35.744991 - Found COMPVTOC.rexx (text/plain) in SBGOLOB.CBT506.FILE312, moved to FILE312/COMPVTOC
2023-08-06 02:51:35.785237 - Found CONCATIT.xmi (application/xmit) in SBGOLOB.CBT506.FILE312
2023-08-06 02:51:35.791763   - Received to CBT312/CONCATIT.PDS
2023-08-06 02:51:35.792745 - Found CONS.rexx (text/plain) in SBGOLOB.CBT506.FILE312, moved to FILE312/CONS
2023-08-06 02:51:35.793742 - Found COPYFB.rexx (text/plain) in SBGOLOB.CBT506.FILE312, moved to FILE312/COPYFB
2023-08-06 02:51:35.793753 - Found CSVEDIT.x-mp4a-latm containing audio/x-mp4a-latm, moved to FILE312/CSVEDIT
2023-08-06 02:51:35.796592 - De-xmi-ed CSVEDIT# to CBT312/docs/CSVEDIT#.pdf
2023-08-06 02:51:35.798508 - De-xmi-ed CSVEDIT@ to CBT312/docs/CSVEDIT@.doc
2023-08-06 02:51:35.798567 - Found CUTPASTE.x-mp4a-latm containing audio/x-mp4a-latm, moved to FILE312/CUTPASTE
2023-08-06 02:51:35.799492 - Found DDLIST.x-mp4a-latm containing audio/x-mp4a-latm, moved to FILE312/DDLIST
2023-08-06 02:51:35.801259 - Found DDLIST$.txt (text/plain) in SBGOLOB.CBT506.FILE312, moved to FILE312/DDLIST$
2023-08-06 02:51:35.802213 - Found DOALL.rexx (text/plain) in SBGOLOB.CBT506.FILE312, moved to FILE312/DOALL
2023-08-06 02:51:35.803160 - Found DROPISPF.rexx (text/plain) in SBGOLOB.CBT506.FILE312, moved to FILE312/DROPISPF
2023-08-06 02:51:35.804032 - Found DSLIST.rexx (text/plain) in SBGOLOB.CBT506.FILE312, moved to FILE312/DSLIST
2023-08-06 02:51:35.804040 - Found DUMPMGMT.x-mp4a-latm containing audio/x-mp4a-latm, moved to FILE312/DUMPMGMT
2023-08-06 02:51:35.805814 - Found EDITMAC.rexx (text/plain) in SBGOLOB.CBT506.FILE312, moved to FILE312/EDITMAC
2023-08-06 02:51:35.806722 - Found EDSL.rexx (text/plain) in SBGOLOB.CBT506.FILE312, moved to FILE312/EDSL
2023-08-06 02:51:35.807602 - Found EKKO.txt (text/plain) in SBGOLOB.CBT506.FILE312, moved to FILE312/EKKO
2023-08-06 02:51:35.808447 - Found EKKO$.jcl (text/plain) in SBGOLOB.CBT506.FILE312, moved to FILE312/EKKO$
2023-08-06 02:51:35.809334 - Found EKKOH.txt (text/plain) in SBGOLOB.CBT506.FILE312, moved to FILE312/EKKOH
2023-08-06 02:51:35.809342 - Found EMAC.x-mp4a-latm containing audio/x-mp4a-latm, moved to FILE312/EMAC
2023-08-06 02:51:35.811218 - Found EXTISPF.rexx (text/plain) in SBGOLOB.CBT506.FILE312, moved to FILE312/EXTISPF
2023-08-06 02:51:35.836681 - Found EZMENU.xmi (application/xmit) in SBGOLOB.CBT506.FILE312
2023-08-06 02:51:35.842841   - Received to CBT312/EZMENU.PDS
2023-08-06 02:51:35.886860 - Found FASTPATH.xmi (application/xmit) in SBGOLOB.CBT506.FILE312
2023-08-06 02:51:35.893241   - Received to CBT312/FASTPATH.PDS
2023-08-06 02:51:35.894317 - Found FINDDDM.rexx (text/plain) in SBGOLOB.CBT506.FILE312, moved to FILE312/FINDDDM
2023-08-06 02:51:35.895216 - Found FINDDSN.rexx (text/plain) in SBGOLOB.CBT506.FILE312, moved to FILE312/FINDDSN
2023-08-06 02:51:35.896224 - Found FIXBOOKP.rexx (text/plain) in SBGOLOB.CBT506.FILE312, moved to FILE312/FIXBOOKP
2023-08-06 02:51:35.925214 - Found FIXKEYS.xmi (application/xmit) in SBGOLOB.CBT506.FILE312
2023-08-06 02:51:35.930675   - Received to CBT312/FIXKEYS.PDS
2023-08-06 02:51:35.931681 - Found FIXKEYS$.txt (text/plain) in SBGOLOB.CBT506.FILE312, moved to FILE312/FIXKEYS$
2023-08-06 02:51:35.932653 - Found FIXNL.rexx (text/plain) in SBGOLOB.CBT506.FILE312, moved to FILE312/FIXNL
2023-08-06 02:51:36.047857 - Found FTPB.xmi (application/xmit) in SBGOLOB.CBT506.FILE312
2023-08-06 02:51:36.058702   - Received to CBT312/FTPB.PDS
2023-08-06 02:51:36.059776 - Found FTPB$CHG.txt (text/plain) in SBGOLOB.CBT506.FILE312, moved to FILE312/FTPB$CHG
2023-08-06 02:51:36.062186 - De-xmi-ed FTPB# to CBT312/docs/FTPB#.pdf
2023-08-06 02:51:36.064063 - De-xmi-ed FTPB@ to CBT312/docs/FTPB@.doc
2023-08-06 02:51:36.064119 - Found FTPFROMZ.x-mp4a-latm containing audio/x-mp4a-latm, moved to FILE312/FTPFROMZ
2023-08-06 02:51:36.066303 - Found FTPFROZC.txt (text/plain) in SBGOLOB.CBT506.FILE312, moved to FILE312/FTPFROZC
2023-08-06 02:51:36.066314 - Found GENSUB.x-mp4a-latm containing audio/x-mp4a-latm, moved to FILE312/GENSUB
2023-08-06 02:51:36.068221 - Found GET.rexx (text/plain) in SBGOLOB.CBT506.FILE312, moved to FILE312/GET
2023-08-06 02:51:36.069098 - Found GETIPLDT.rexx (text/plain) in SBGOLOB.CBT506.FILE312, moved to FILE312/GETIPLDT
2023-08-06 02:51:36.070091 - Found HIDELINE.rexx (text/plain) in SBGOLOB.CBT506.FILE312, moved to FILE312/HIDELINE
2023-08-06 02:51:36.085927 - Found IDLIST.xmi (application/xmit) in SBGOLOB.CBT506.FILE312
2023-08-06 02:51:36.090293   - Received to CBT312/IDLIST.EXEC
2023-08-06 02:51:36.091316 - Found IEBPDSE.rexx (text/plain) in SBGOLOB.CBT506.FILE312, moved to FILE312/IEBPDSE
2023-08-06 02:51:36.092237 - Found IFTHENEL.rexx (text/plain) in SBGOLOB.CBT506.FILE312, moved to FILE312/IFTHENEL
2023-08-06 02:51:36.142403 - Found INEWS.xmi (application/xmit) in SBGOLOB.CBT506.FILE312
2023-08-06 02:51:36.153003   - Received to CBT312/INEWS.PDS
2023-08-06 02:51:36.154099 - Found IPLTCHK.rexx (text/plain) in SBGOLOB.CBT506.FILE312, moved to FILE312/IPLTCHK
2023-08-06 02:51:36.155050 - Found IPLTCHK$.txt (text/plain) in SBGOLOB.CBT506.FILE312, moved to FILE312/IPLTCHK$
2023-08-06 02:51:36.155060 - Found ISPFCMDS.x-mp4a-latm containing audio/x-mp4a-latm, moved to FILE312/ISPFCMDS
2023-08-06 02:51:36.156802 - Found ISPFDEMO.rexx (text/plain) in SBGOLOB.CBT506.FILE312, moved to FILE312/ISPFDEMO
2023-08-06 02:51:36.156811 - Found ISPFLLV.x-mp4a-latm containing audio/x-mp4a-latm, moved to FILE312/ISPFLLV
2023-08-06 02:51:36.158602 - Found ISPFPRO$.txt (text/plain) in SBGOLOB.CBT506.FILE312, moved to FILE312/ISPFPRO$
2023-08-06 02:51:36.159500 - Found ISPFPROD.rexx (text/plain) in SBGOLOB.CBT506.FILE312, moved to FILE312/ISPFPROD
2023-08-06 02:51:36.160356 - Found LDAPMAI$.txt (text/plain) in SBGOLOB.CBT506.FILE312, moved to FILE312/LDAPMAI$
2023-08-06 02:51:36.193741 - Found LDAPMAIL.xmi (application/xmit) in SBGOLOB.CBT506.FILE312
2023-08-06 02:51:36.201014   - Received to CBT312/LDAP.PDS
2023-08-06 02:51:36.202052 - Found LDAPMCHG.txt (text/plain) in SBGOLOB.CBT506.FILE312, moved to FILE312/LDAPMCHG
2023-08-06 02:51:36.202921 - Found LOADISPF.rexx (text/plain) in SBGOLOB.CBT506.FILE312, moved to FILE312/LOADISPF
2023-08-06 02:51:36.233359 - Found LOG.xmi (application/xmit) in SBGOLOB.CBT506.FILE312
2023-08-06 02:51:36.239534   - Received to CBT312/LOG.PDS
2023-08-06 02:51:36.240598 - Found LOGARCH.rexx (text/plain) in SBGOLOB.CBT506.FILE312, moved to FILE312/LOGARCH
2023-08-06 02:51:36.287811 - Found LOGIT.xmi (application/xmit) in SBGOLOB.CBT506.FILE312
2023-08-06 02:51:36.296147   - Received to CBT312/LOGIT.PDS
2023-08-06 02:51:36.297262 - Found LOGIT$.txt (text/plain) in SBGOLOB.CBT506.FILE312, moved to FILE312/LOGIT$
2023-08-06 02:51:36.298192 - Found LOGITCHG.txt (text/plain) in SBGOLOB.CBT506.FILE312, moved to FILE312/LOGITCHG
2023-08-06 02:51:36.299152 - Found LOWER.txt (text/plain) in SBGOLOB.CBT506.FILE312, moved to FILE312/LOWER
2023-08-06 02:51:36.299977 - Found LPREDIT.rexx (text/plain) in SBGOLOB.CBT506.FILE312, moved to FILE312/LPREDIT
2023-08-06 02:51:36.337813 - Found LPRPRINT.xmi (application/xmit) in SBGOLOB.CBT506.FILE312
2023-08-06 02:51:36.344146   - Received to CBT312/PRINT.PDS
2023-08-06 02:51:36.345223 - Found LPRPROLD.txt (text/plain) in SBGOLOB.CBT506.FILE312, moved to FILE312/LPRPROLD
2023-08-06 02:51:36.346168 - Found LSTPRC.rexx (text/plain) in SBGOLOB.CBT506.FILE312, moved to FILE312/LSTPRC
2023-08-06 02:51:36.347067 - Found LSTPRC$.txt (text/plain) in SBGOLOB.CBT506.FILE312, moved to FILE312/LSTPRC$
2023-08-06 02:51:36.348070 - Found LSTPROC.rexx (text/plain) in SBGOLOB.CBT506.FILE312, moved to FILE312/LSTPROC
2023-08-06 02:51:36.348913 - Found LSTPROC$.txt (text/plain) in SBGOLOB.CBT506.FILE312, moved to FILE312/LSTPROC$
2023-08-06 02:51:36.349770 - Found LSTPROC#.txt (text/plain) in SBGOLOB.CBT506.FILE312, moved to FILE312/LSTPROC#
2023-08-06 02:51:36.350674 - Found LSTPROC@.txt (text/plain) in SBGOLOB.CBT506.FILE312, moved to FILE312/LSTPROC@
2023-08-06 02:51:36.351640 - Found LSTPROC3.rexx (text/plain) in SBGOLOB.CBT506.FILE312, moved to FILE312/LSTPROC3
2023-08-06 02:51:36.352595 - Found MGEN.rexx (text/plain) in SBGOLOB.CBT506.FILE312, moved to FILE312/MGEN
2023-08-06 02:51:36.353562 - Found NETRC.rexx (text/plain) in SBGOLOB.CBT506.FILE312, moved to FILE312/NETRC
2023-08-06 02:51:36.354522 - Found OMVSCMD.rexx (text/plain) in SBGOLOB.CBT506.FILE312, moved to FILE312/OMVSCMD
2023-08-06 02:51:36.394112 - Found OMVSCOPY.xmi (application/xmit) in SBGOLOB.CBT506.FILE312
2023-08-06 02:51:36.400798   - Received to CBT312/OMVSCOPY.PDS
2023-08-06 02:51:36.421018 - Found OMVSLOG.xmi (application/xmit) in SBGOLOB.CBT506.FILE312
2023-08-06 02:51:36.427234   - Received to CBT312/OMVSLOG.PDS
2023-08-06 02:51:36.427318 - Found OMVSMAN.bin containing application/octet-stream, moved to FILE312/OMVSMAN
2023-08-06 02:51:36.465899 - Found OMVSPAX.xmi (application/xmit) in SBGOLOB.CBT506.FILE312
2023-08-06 02:51:36.473018   - Received to CBT312/OMVSPAX.PDS
2023-08-06 02:51:36.474071 - Found OMVSSEL.rexx (text/plain) in SBGOLOB.CBT506.FILE312, moved to FILE312/OMVSSEL
2023-08-06 02:51:36.474080 - Found ONCALL.x-mp4a-latm containing audio/x-mp4a-latm, moved to FILE312/ONCALL
2023-08-06 02:51:36.476026 - Found ONCALL#.txt (text/plain) in SBGOLOB.CBT506.FILE312, moved to FILE312/ONCALL#
2023-08-06 02:51:36.477007 - Found ONLY.rexx (text/plain) in SBGOLOB.CBT506.FILE312, moved to FILE312/ONLY
2023-08-06 02:51:36.495894 - Found PACK.xmi (application/xmit) in SBGOLOB.CBT506.FILE312
2023-08-06 02:51:36.502099   - Received to CBT312/PACK.PDS
2023-08-06 02:51:36.503138 - Found PDS2PDSE.rexx (text/plain) in SBGOLOB.CBT506.FILE312, moved to FILE312/PDS2PDSE
2023-08-06 02:51:36.503980 - Found PDS2SEQ.rexx (text/plain) in SBGOLOB.CBT506.FILE312, moved to FILE312/PDS2SEQ
2023-08-06 02:51:36.504809 - Found PDS2SEQ$.txt (text/plain) in SBGOLOB.CBT506.FILE312, moved to FILE312/PDS2SEQ$
2023-08-06 02:51:36.565969 - Found PLPISPF.xmi (application/xmit) in SBGOLOB.CBT506.FILE312
2023-08-06 02:51:36.574798   - Received to CBT312/PLP.PDS
2023-08-06 02:51:36.575860 - Found PLPISPF$.txt (text/plain) in SBGOLOB.CBT506.FILE312, moved to FILE312/PLPISPF$
2023-08-06 02:51:36.578249 - De-xmi-ed PLPISPF# to CBT312/docs/PLPISPF#.pdf
2023-08-06 02:51:36.580335 - De-xmi-ed PLPISPF@ to CBT312/docs/PLPISPF@.doc
2023-08-06 02:51:36.581307 - Found PNS.txt (text/plain) in SBGOLOB.CBT506.FILE312, moved to FILE312/PNS
2023-08-06 02:51:36.581327 - Found PRMCK.x-mp4a-latm containing audio/x-mp4a-latm, moved to FILE312/PRMCK
2023-08-06 02:51:36.583662 - Found PRMCK$.txt (text/plain) in SBGOLOB.CBT506.FILE312, moved to FILE312/PRMCK$
2023-08-06 02:51:36.584506 - Found PRMCK#.txt (text/plain) in SBGOLOB.CBT506.FILE312, moved to FILE312/PRMCK#
2023-08-06 02:51:36.615208 - Found PSPRINT.xmi (application/xmit) in SBGOLOB.CBT506.FILE312
2023-08-06 02:51:36.621893   - Received to CBT312/FILE312.PSPRINT
2023-08-06 02:51:36.623053 - Found PSPRINTO.txt (text/plain) in SBGOLOB.CBT506.FILE312, moved to FILE312/PSPRINTO
2023-08-06 02:51:36.624035 - Found QTAB.rexx (text/plain) in SBGOLOB.CBT506.FILE312, moved to FILE312/QTAB
2023-08-06 02:51:36.625016 - Found RANDSTR.rexx (text/plain) in SBGOLOB.CBT506.FILE312, moved to FILE312/RANDSTR
2023-08-06 02:51:36.625894 - Found RELPDSE.rexx (text/plain) in SBGOLOB.CBT506.FILE312, moved to FILE312/RELPDSE
2023-08-06 02:51:36.625905 - Found REXXDOC.x-mp4a-latm containing audio/x-mp4a-latm, moved to FILE312/REXXDOC
2023-08-06 02:51:36.627599 - Found REXXER.rexx (text/plain) in SBGOLOB.CBT506.FILE312, moved to FILE312/REXXER
2023-08-06 02:51:36.666390 - Found REXXFORM.xmi (application/xmit) in SBGOLOB.CBT506.FILE312
2023-08-06 02:51:36.673986   - Received to CBT312/REXXFORM.PDS
2023-08-06 02:51:36.674964 - Found REXXTRY.rexx (text/plain) in SBGOLOB.CBT506.FILE312, moved to FILE312/REXXTRY
2023-08-06 02:51:36.675829 - Found REXXTRY$.txt (text/plain) in SBGOLOB.CBT506.FILE312, moved to FILE312/REXXTRY$
2023-08-06 02:51:36.676670 - Found REXXTRY#.txt (text/plain) in SBGOLOB.CBT506.FILE312, moved to FILE312/REXXTRY#
2023-08-06 02:51:36.677679 - Found REXXTRY@.txt (text/plain) in SBGOLOB.CBT506.FILE312, moved to FILE312/REXXTRY@
2023-08-06 02:51:36.678713 - Found REXXTRYA.txt (text/plain) in SBGOLOB.CBT506.FILE312, moved to FILE312/REXXTRYA
2023-08-06 02:51:36.679588 - Found REXXWAIT.txt (text/plain) in SBGOLOB.CBT506.FILE312, moved to FILE312/REXXWAIT
2023-08-06 02:51:36.824343 - Found RUNC.xmi (application/xmit) in SBGOLOB.CBT506.FILE312
2023-08-06 02:51:36.843690   - Received to CBT312/RUNC.PDS
2023-08-06 02:51:36.846026 - De-xmi-ed RUNCPP to CBT312/docs/RUNCPP.pptx
